<?xml version="1.0" encoding="utf-8"?><testsuites><testsuite name="pytest" errors="0" failures="0" skipped="0" tests="3" time="0.610" timestamp="2024-04-08T07:50:11.185873" hostname="0435be0f92b7"><testcase classname="tests.test_prediction" name="test_single_pred_not_none" time="0.012" /><testcase classname="tests.test_prediction" name="test_single_pred_str_type" time="0.011" /><testcase classname="tests.test_prediction" name="test_single_pred_validate" time="0.010" /></testsuite></testsuites>